Analysis initiated from SIMULIA established products
Abaqus JOB RUC_multi_strain
Abaqus 2022
Socket error: [Errno 11001] getaddrinfo failed
Abaqus License Manager checked out the following licenses:
Abaqus/Standard checked out 8 tokens from Flexnet server license-abaqus.engin.umich.edu.
<181 out of 230 licenses remain available>.
Begin Analysis Input File Processor
9/26/2023 11:41:13 AM
Run pre.exe

 ***WARNING: Interactive messaging has been requested for this analysis run, 
             but initialization of the messaging system has failed.  Therefore 
             no messages will be sent to Abaqus/CAE for this phase of the 
             analysis.
9/26/2023 11:41:20 AM
End Analysis Input File Processor
Begin Abaqus/Standard Analysis
9/26/2023 11:41:20 AM
Run standard.exe

 ***WARNING: Interactive messaging has been requested for this analysis run, 
             but initialization of the messaging system has failed.  Therefore 
             no messages will be sent to Abaqus/CAE for this phase of the 
             analysis.
9/26/2023 11:45:21 AM
Abaqus Error: Abaqus/Standard Analysis exited with an error - Please see the 
message file for possible error messages if the file exists.
Begin SIM Wrap-up
9/26/2023 11:45:22 AM
Run SMASimUtility.exe
9/26/2023 11:45:22 AM
End SIM Wrap-up
Abaqus/Analysis exited with errors
Socket error: [Errno 11001] getaddrinfo failed
